JUnit version 4.11
.Src:2,Dst:3
Src:3,Dst:5
Src:18,Dst:19
Src:19,Dst:16
Src:18,Dst:19
Src:19,Dst:16
Src:18,Dst:19
Src:19,Dst:16
Src:18,Dst:19
Src:19,Dst:16
Src:18,Dst:19
Src:19,Dst:16
Src:18,Dst:19
Src:19,Dst:16
Src:18,Dst:19
Src:19,Dst:16
Src:18,Dst:22
Src:23,Dst:24
Src:24,Dst:21
Src:23,Dst:24
Src:24,Dst:21
Src:23,Dst:24
Src:24,Dst:21
Src:23,Dst:24
Src:24,Dst:25
Src:25,Dst:26
ClassName:util.IntArrayUtil,Covered Instruction:30
ClassName:util.IntArrayUtil,Covered Branch:9
Src:31,Dst:33
Src:34,Dst:35
Src:18,Dst:22
Src:23,Dst:24
Src:24,Dst:21
Src:23,Dst:25
Src:25,Dst:27
ClassName:util.IntArrayUtil,Covered Instruction:37
ClassName:util.IntArrayUtil,Covered Branch:13
Src:18,Dst:19
Src:19,Dst:16
Src:18,Dst:22
Src:23,Dst:24
Src:24,Dst:21
Src:23,Dst:25
Src:25,Dst:27
ClassName:util.IntArrayUtil,Covered Instruction:38
ClassName:util.IntArrayUtil,Covered Branch:13
Src:18,Dst:19
Src:19,Dst:16
Src:18,Dst:22
Src:23,Dst:24
Src:24,Dst:21
Src:23,Dst:25
Src:25,Dst:27
ClassName:util.IntArrayUtil,Covered Instruction:38
ClassName:util.IntArrayUtil,Covered Branch:13
Src:18,Dst:19
Src:19,Dst:16
Src:18,Dst:22
Src:23,Dst:24
Src:24,Dst:25
Src:25,Dst:26
ClassName:util.IntArrayUtil,Covered Instruction:38
ClassName:util.IntArrayUtil,Covered Branch:13
Src:31,Dst:33
Src:34,Dst:35
Src:18,Dst:22
Src:23,Dst:24
Src:24,Dst:21
Src:23,Dst:25
Src:25,Dst:27
ClassName:util.IntArrayUtil,Covered Instruction:38
ClassName:util.IntArrayUtil,Covered Branch:13
Src:18,Dst:19
Src:19,Dst:16
Src:18,Dst:22
Src:23,Dst:24
Src:24,Dst:25
Src:25,Dst:26
ClassName:util.IntArrayUtil,Covered Instruction:38
ClassName:util.IntArrayUtil,Covered Branch:13
Src:31,Dst:32
ClassName:util.IntArrayUtil,Covered Instruction:39
ClassName:util.IntArrayUtil,Covered Branch:14
ClassName:util.IntArrayUtil,Covered Instruction:40
ClassName:util.IntArrayUtil,Covered Branch:14
ClassName:util.IntArrayUtil,Covered Instruction:40
ClassName:util.IntArrayUtil,Covered Branch:14
ClassName:util.IntArrayUtil,Covered Instruction:41
ClassName:util.IntArrayUtil,Covered Branch:14
.Src:50,Dst:53
Src:54,Dst:59
Src:64,Dst:65
ClassName:util.IntArrayUtil,Covered Instruction:55
ClassName:util.IntArrayUtil,Covered Branch:17
ClassName:util.IntArrayUtil,Covered Instruction:56
ClassName:util.IntArrayUtil,Covered Branch:17
E.Src:106,Dst:107
Src:108,Dst:110
Src:133,Dst:116
Src:117,Dst:126
Src:133,Dst:116
Src:117,Dst:126
Src:133,Dst:116
Src:117,Dst:126
Src:133,Dst:116
Src:117,Dst:126
Src:133,Dst:116
Src:117,Dst:126
Src:133,Dst:116
Src:117,Dst:118
Src:118,Dst:119
Src:133,Dst:134
ClassName:util.IntArrayUtil,Covered Instruction:84
ClassName:util.IntArrayUtil,Covered Branch:24
E.Src:137,Dst:138
Src:139,Dst:141
Src:142,Dst:146
Src:180,Dst:151
Src:151,Dst:152
Src:153,Dst:154
ClassName:util.IntArrayUtil,Covered Instruction:100
ClassName:util.IntArrayUtil,Covered Branch:30
E.Src:276,Dst:277
Src:276,Dst:288
Src:288,Dst:289
Src:292,Dst:297
ClassName:util.IntArrayUtil,Covered Instruction:118
ClassName:util.IntArrayUtil,Covered Branch:34
Src:276,Dst:288
Src:288,Dst:289
Src:292,Dst:297
ClassName:util.IntArrayUtil,Covered Instruction:120
ClassName:util.IntArrayUtil,Covered Branch:34
Src:340,Dst:306
Src:307,Dst:308
Src:311,Dst:312
Src:314,Dst:315
Src:315,Dst:321
Src:321,Dst:322
Src:322,Dst:328
Src:328,Dst:329
Src:330,Dst:336
Src:340,Dst:306
Src:307,Dst:308
Src:311,Dst:312
Src:314,Dst:315
Src:315,Dst:321
Src:321,Dst:322
Src:322,Dst:328
Src:328,Dst:329
Src:330,Dst:331
Src:340,Dst:306
Src:307,Dst:308
Src:311,Dst:312
Src:314,Dst:315
Src:315,Dst:321
Src:321,Dst:322
Src:322,Dst:328
Src:328,Dst:329
Src:330,Dst:336
Src:340,Dst:341
Src:341,Dst:306
Src:307,Dst:310
Src:311,Dst:312
Src:314,Dst:321
Src:321,Dst:322
Src:322,Dst:323
Src:340,Dst:341
Src:341,Dst:342
Src:353,Dst:347
Src:353,Dst:347
Src:353,Dst:347
Src:353,Dst:347
Src:353,Dst:354
ClassName:util.IntArrayUtil,Covered Instruction:174
ClassName:util.IntArrayUtil,Covered Branch:52
ClassName:util.IntArrayUtil,Covered Instruction:175
ClassName:util.IntArrayUtil,Covered Branch:52
ClassName:util.IntArrayUtil,Covered Instruction:176
ClassName:util.IntArrayUtil,Covered Branch:52
Src:267,Dst:244
Src:264,Dst:248
Src:269,Dst:272
ClassName:util.IntArrayUtil,Covered Instruction:194
ClassName:util.IntArrayUtil,Covered Branch:55
Src:255,Dst:257
Src:257,Dst:260
Src:260,Dst:263
Src:264,Dst:248
Src:269,Dst:272
ClassName:util.IntArrayUtil,Covered Instruction:198
ClassName:util.IntArrayUtil,Covered Branch:58
Src:255,Dst:257
Src:257,Dst:260
Src:260,Dst:263
Src:264,Dst:265
Src:267,Dst:244
Src:264,Dst:248
Src:269,Dst:272
ClassName:util.IntArrayUtil,Covered Instruction:199
ClassName:util.IntArrayUtil,Covered Branch:59
Src:255,Dst:257
Src:257,Dst:260
Src:260,Dst:263
Src:264,Dst:265
Src:267,Dst:244
Src:264,Dst:265
Src:267,Dst:244
Src:264,Dst:265
Src:267,Dst:268
ClassName:util.IntArrayUtil,Covered Instruction:200
ClassName:util.IntArrayUtil,Covered Branch:60
E.Src:185,Dst:186
Src:187,Dst:189
Src:200,Dst:193
Src:196,Dst:197
Src:211,Dst:205
Src:207,Dst:208
Src:212,Dst:213
Src:213,Dst:218
Src:224,Dst:225
Src:237,Dst:238
ClassName:util.IntArrayUtil,Covered Instruction:240
ClassName:util.IntArrayUtil,Covered Branch:70
ClassName:util.IntArrayUtil,Covered Instruction:241
ClassName:util.IntArrayUtil,Covered Branch:70
E.Src:50,Dst:53
Src:54,Dst:59
Src:64,Dst:65
ClassName:util.IntArrayUtil,Covered Instruction:241
ClassName:util.IntArrayUtil,Covered Branch:70
ClassName:util.IntArrayUtil,Covered Instruction:241
ClassName:util.IntArrayUtil,Covered Branch:70
E
Time: 0.031
There were 6 failures:
1) findMinViaIteration(yche_test.IntArrayUtilTest)
java.lang.AssertionError: expected:<-5> but was:<-1>
	at org.junit.Assert.fail(Assert.java:88)
	at org.junit.Assert.failNotEquals(Assert.java:743)
	at org.junit.Assert.assertEquals(Assert.java:118)
	at org.junit.Assert.assertEquals(Assert.java:555)
	at org.junit.Assert.assertEquals(Assert.java:542)
	at yche_test.IntArrayUtilTest.findMinViaIteration(IntArrayUtilTest.java:42)
	at sun.reflect.NativeMethodAccessorImpl.invoke0(Native Method)
	at sun.reflect.NativeMethodAccessorImpl.invoke(NativeMethodAccessorImpl.java:57)
	at sun.reflect.DelegatingMethodAccessorImpl.invoke(DelegatingMethodAccessorImpl.java:43)
	at java.lang.reflect.Method.invoke(Method.java:606)
	at org.junit.runners.model.FrameworkMethod$1.runReflectiveCall(FrameworkMethod.java:47)
	at org.junit.internal.runners.model.ReflectiveCallable.run(ReflectiveCallable.java:12)
	at org.junit.runners.model.FrameworkMethod.invokeExplosively(FrameworkMethod.java:44)
	at org.junit.internal.runners.statements.InvokeMethod.evaluate(InvokeMethod.java:17)
	at org.junit.internal.runners.statements.RunBefores.evaluate(RunBefores.java:26)
	at org.junit.internal.runners.statements.RunAfters.evaluate(RunAfters.java:27)
	at org.junit.runners.ParentRunner.runLeaf(ParentRunner.java:271)
	at org.junit.runners.BlockJUnit4ClassRunner.runChild(BlockJUnit4ClassRunner.java:70)
	at org.junit.runners.BlockJUnit4ClassRunner.runChild(BlockJUnit4ClassRunner.java:50)
	at org.junit.runners.ParentRunner$3.run(ParentRunner.java:238)
	at org.junit.runners.ParentRunner$1.schedule(ParentRunner.java:63)
	at org.junit.runners.ParentRunner.runChildren(ParentRunner.java:236)
	at org.junit.runners.ParentRunner.access$000(ParentRunner.java:53)
	at org.junit.runners.ParentRunner$2.evaluate(ParentRunner.java:229)
	at org.junit.runners.ParentRunner.run(ParentRunner.java:309)
	at org.junit.runners.Suite.runChild(Suite.java:127)
	at org.junit.runners.Suite.runChild(Suite.java:26)
	at org.junit.runners.ParentRunner$3.run(ParentRunner.java:238)
	at org.junit.runners.ParentRunner$1.schedule(ParentRunner.java:63)
	at org.junit.runners.ParentRunner.runChildren(ParentRunner.java:236)
	at org.junit.runners.ParentRunner.access$000(ParentRunner.java:53)
	at org.junit.runners.ParentRunner$2.evaluate(ParentRunner.java:229)
	at org.junit.runners.ParentRunner.run(ParentRunner.java:309)
	at org.junit.runner.JUnitCore.run(JUnitCore.java:160)
	at org.junit.runner.JUnitCore.run(JUnitCore.java:138)
	at org.junit.runner.JUnitCore.run(JUnitCore.java:117)
	at org.junit.runner.JUnitCore.runMain(JUnitCore.java:96)
	at org.junit.runner.JUnitCore.runMainAndExit(JUnitCore.java:47)
	at org.junit.runner.JUnitCore.main(JUnitCore.java:40)
2) removeDuplicateElements(yche_test.IntArrayUtilTest)
java.lang.AssertionError: array lengths differed, expected.length=4 actual.length=7
	at org.junit.Assert.fail(Assert.java:88)
	at org.junit.internal.ComparisonCriteria.assertArraysAreSameLength(ComparisonCriteria.java:71)
	at org.junit.internal.ComparisonCriteria.arrayEquals(ComparisonCriteria.java:32)
	at org.junit.Assert.internalArrayEquals(Assert.java:473)
	at org.junit.Assert.assertArrayEquals(Assert.java:369)
	at org.junit.Assert.assertArrayEquals(Assert.java:380)
	at yche_test.IntArrayUtilTest.removeDuplicateElements(IntArrayUtilTest.java:50)
	at sun.reflect.NativeMethodAccessorImpl.invoke0(Native Method)
	at sun.reflect.NativeMethodAccessorImpl.invoke(NativeMethodAccessorImpl.java:57)
	at sun.reflect.DelegatingMethodAccessorImpl.invoke(DelegatingMethodAccessorImpl.java:43)
	at java.lang.reflect.Method.invoke(Method.java:606)
	at org.junit.runners.model.FrameworkMethod$1.runReflectiveCall(FrameworkMethod.java:47)
	at org.junit.internal.runners.model.ReflectiveCallable.run(ReflectiveCallable.java:12)
	at org.junit.runners.model.FrameworkMethod.invokeExplosively(FrameworkMethod.java:44)
	at org.junit.internal.runners.statements.InvokeMethod.evaluate(InvokeMethod.java:17)
	at org.junit.internal.runners.statements.RunBefores.evaluate(RunBefores.java:26)
	at org.junit.internal.runners.statements.RunAfters.evaluate(RunAfters.java:27)
	at org.junit.runners.ParentRunner.runLeaf(ParentRunner.java:271)
	at org.junit.runners.BlockJUnit4ClassRunner.runChild(BlockJUnit4ClassRunner.java:70)
	at org.junit.runners.BlockJUnit4ClassRunner.runChild(BlockJUnit4ClassRunner.java:50)
	at org.junit.runners.ParentRunner$3.run(ParentRunner.java:238)
	at org.junit.runners.ParentRunner$1.schedule(ParentRunner.java:63)
	at org.junit.runners.ParentRunner.runChildren(ParentRunner.java:236)
	at org.junit.runners.ParentRunner.access$000(ParentRunner.java:53)
	at org.junit.runners.ParentRunner$2.evaluate(ParentRunner.java:229)
	at org.junit.runners.ParentRunner.run(ParentRunner.java:309)
	at org.junit.runners.Suite.runChild(Suite.java:127)
	at org.junit.runners.Suite.runChild(Suite.java:26)
	at org.junit.runners.ParentRunner$3.run(ParentRunner.java:238)
	at org.junit.runners.ParentRunner$1.schedule(ParentRunner.java:63)
	at org.junit.runners.ParentRunner.runChildren(ParentRunner.java:236)
	at org.junit.runners.ParentRunner.access$000(ParentRunner.java:53)
	at org.junit.runners.ParentRunner$2.evaluate(ParentRunner.java:229)
	at org.junit.runners.ParentRunner.run(ParentRunner.java:309)
	at org.junit.runner.JUnitCore.run(JUnitCore.java:160)
	at org.junit.runner.JUnitCore.run(JUnitCore.java:138)
	at org.junit.runner.JUnitCore.run(JUnitCore.java:117)
	at org.junit.runner.JUnitCore.runMain(JUnitCore.java:96)
	at org.junit.runner.JUnitCore.runMainAndExit(JUnitCore.java:47)
	at org.junit.runner.JUnitCore.main(JUnitCore.java:40)
3) findMinSubArrayLen(yche_test.IntArrayUtilTest)
java.lang.AssertionError: expected:<2> but was:<1>
	at org.junit.Assert.fail(Assert.java:88)
	at org.junit.Assert.failNotEquals(Assert.java:743)
	at org.junit.Assert.assertEquals(Assert.java:118)
	at org.junit.Assert.assertEquals(Assert.java:555)
	at org.junit.Assert.assertEquals(Assert.java:542)
	at yche_test.IntArrayUtilTest.findMinSubArrayLen(IntArrayUtilTest.java:56)
	at sun.reflect.NativeMethodAccessorImpl.invoke0(Native Method)
	at sun.reflect.NativeMethodAccessorImpl.invoke(NativeMethodAccessorImpl.java:57)
	at sun.reflect.DelegatingMethodAccessorImpl.invoke(DelegatingMethodAccessorImpl.java:43)
	at java.lang.reflect.Method.invoke(Method.java:606)
	at org.junit.runners.model.FrameworkMethod$1.runReflectiveCall(FrameworkMethod.java:47)
	at org.junit.internal.runners.model.ReflectiveCallable.run(ReflectiveCallable.java:12)
	at org.junit.runners.model.FrameworkMethod.invokeExplosively(FrameworkMethod.java:44)
	at org.junit.internal.runners.statements.InvokeMethod.evaluate(InvokeMethod.java:17)
	at org.junit.internal.runners.statements.RunBefores.evaluate(RunBefores.java:26)
	at org.junit.internal.runners.statements.RunAfters.evaluate(RunAfters.java:27)
	at org.junit.runners.ParentRunner.runLeaf(ParentRunner.java:271)
	at org.junit.runners.BlockJUnit4ClassRunner.runChild(BlockJUnit4ClassRunner.java:70)
	at org.junit.runners.BlockJUnit4ClassRunner.runChild(BlockJUnit4ClassRunner.java:50)
	at org.junit.runners.ParentRunner$3.run(ParentRunner.java:238)
	at org.junit.runners.ParentRunner$1.schedule(ParentRunner.java:63)
	at org.junit.runners.ParentRunner.runChildren(ParentRunner.java:236)
	at org.junit.runners.ParentRunner.access$000(ParentRunner.java:53)
	at org.junit.runners.ParentRunner$2.evaluate(ParentRunner.java:229)
	at org.junit.runners.ParentRunner.run(ParentRunner.java:309)
	at org.junit.runners.Suite.runChild(Suite.java:127)
	at org.junit.runners.Suite.runChild(Suite.java:26)
	at org.junit.runners.ParentRunner$3.run(ParentRunner.java:238)
	at org.junit.runners.ParentRunner$1.schedule(ParentRunner.java:63)
	at org.junit.runners.ParentRunner.runChildren(ParentRunner.java:236)
	at org.junit.runners.ParentRunner.access$000(ParentRunner.java:53)
	at org.junit.runners.ParentRunner$2.evaluate(ParentRunner.java:229)
	at org.junit.runners.ParentRunner.run(ParentRunner.java:309)
	at org.junit.runner.JUnitCore.run(JUnitCore.java:160)
	at org.junit.runner.JUnitCore.run(JUnitCore.java:138)
	at org.junit.runner.JUnitCore.run(JUnitCore.java:117)
	at org.junit.runner.JUnitCore.runMain(JUnitCore.java:96)
	at org.junit.runner.JUnitCore.runMainAndExit(JUnitCore.java:47)
	at org.junit.runner.JUnitCore.main(JUnitCore.java:40)
4) threeSumClosest(yche_test.IntArrayUtilTest)
java.lang.AssertionError: expected:<-5> but was:<0>
	at org.junit.Assert.fail(Assert.java:88)
	at org.junit.Assert.failNotEquals(Assert.java:743)
	at org.junit.Assert.assertEquals(Assert.java:118)
	at org.junit.Assert.assertEquals(Assert.java:555)
	at org.junit.Assert.assertEquals(Assert.java:542)
	at yche_test.IntArrayUtilTest.threeSumClosest(IntArrayUtilTest.java:74)
	at sun.reflect.NativeMethodAccessorImpl.invoke0(Native Method)
	at sun.reflect.NativeMethodAccessorImpl.invoke(NativeMethodAccessorImpl.java:57)
	at sun.reflect.DelegatingMethodAccessorImpl.invoke(DelegatingMethodAccessorImpl.java:43)
	at java.lang.reflect.Method.invoke(Method.java:606)
	at org.junit.runners.model.FrameworkMethod$1.runReflectiveCall(FrameworkMethod.java:47)
	at org.junit.internal.runners.model.ReflectiveCallable.run(ReflectiveCallable.java:12)
	at org.junit.runners.model.FrameworkMethod.invokeExplosively(FrameworkMethod.java:44)
	at org.junit.internal.runners.statements.InvokeMethod.evaluate(InvokeMethod.java:17)
	at org.junit.internal.runners.statements.RunBefores.evaluate(RunBefores.java:26)
	at org.junit.internal.runners.statements.RunAfters.evaluate(RunAfters.java:27)
	at org.junit.runners.ParentRunner.runLeaf(ParentRunner.java:271)
	at org.junit.runners.BlockJUnit4ClassRunner.runChild(BlockJUnit4ClassRunner.java:70)
	at org.junit.runners.BlockJUnit4ClassRunner.runChild(BlockJUnit4ClassRunner.java:50)
	at org.junit.runners.ParentRunner$3.run(ParentRunner.java:238)
	at org.junit.runners.ParentRunner$1.schedule(ParentRunner.java:63)
	at org.junit.runners.ParentRunner.runChildren(ParentRunner.java:236)
	at org.junit.runners.ParentRunner.access$000(ParentRunner.java:53)
	at org.junit.runners.ParentRunner$2.evaluate(ParentRunner.java:229)
	at org.junit.runners.ParentRunner.run(ParentRunner.java:309)
	at org.junit.runners.Suite.runChild(Suite.java:127)
	at org.junit.runners.Suite.runChild(Suite.java:26)
	at org.junit.runners.ParentRunner$3.run(ParentRunner.java:238)
	at org.junit.runners.ParentRunner$1.schedule(ParentRunner.java:63)
	at org.junit.runners.ParentRunner.runChildren(ParentRunner.java:236)
	at org.junit.runners.ParentRunner.access$000(ParentRunner.java:53)
	at org.junit.runners.ParentRunner$2.evaluate(ParentRunner.java:229)
	at org.junit.runners.ParentRunner.run(ParentRunner.java:309)
	at org.junit.runner.JUnitCore.run(JUnitCore.java:160)
	at org.junit.runner.JUnitCore.run(JUnitCore.java:138)
	at org.junit.runner.JUnitCore.run(JUnitCore.java:117)
	at org.junit.runner.JUnitCore.runMain(JUnitCore.java:96)
	at org.junit.runner.JUnitCore.runMainAndExit(JUnitCore.java:47)
	at org.junit.runner.JUnitCore.main(JUnitCore.java:40)
5) getNextPermutationNumber(yche_test.IntArrayUtilTest)
arrays first differed at element [1]; expected:<3> but was:<-2>
	at org.junit.internal.ComparisonCriteria.arrayEquals(ComparisonCriteria.java:50)
	at org.junit.Assert.internalArrayEquals(Assert.java:473)
	at org.junit.Assert.assertArrayEquals(Assert.java:369)
	at org.junit.Assert.assertArrayEquals(Assert.java:380)
	at yche_test.IntArrayUtilTest.getNextPermutationNumber(IntArrayUtilTest.java:68)
	at sun.reflect.NativeMethodAccessorImpl.invoke0(Native Method)
	at sun.reflect.NativeMethodAccessorImpl.invoke(NativeMethodAccessorImpl.java:57)
	at sun.reflect.DelegatingMethodAccessorImpl.invoke(DelegatingMethodAccessorImpl.java:43)
	at java.lang.reflect.Method.invoke(Method.java:606)
	at org.junit.runners.model.FrameworkMethod$1.runReflectiveCall(FrameworkMethod.java:47)
	at org.junit.internal.runners.model.ReflectiveCallable.run(ReflectiveCallable.java:12)
	at org.junit.runners.model.FrameworkMethod.invokeExplosively(FrameworkMethod.java:44)
	at org.junit.internal.runners.statements.InvokeMethod.evaluate(InvokeMethod.java:17)
	at org.junit.internal.runners.statements.RunBefores.evaluate(RunBefores.java:26)
	at org.junit.internal.runners.statements.RunAfters.evaluate(RunAfters.java:27)
	at org.junit.runners.ParentRunner.runLeaf(ParentRunner.java:271)
	at org.junit.runners.BlockJUnit4ClassRunner.runChild(BlockJUnit4ClassRunner.java:70)
	at org.junit.runners.BlockJUnit4ClassRunner.runChild(BlockJUnit4ClassRunner.java:50)
	at org.junit.runners.ParentRunner$3.run(ParentRunner.java:238)
	at org.junit.runners.ParentRunner$1.schedule(ParentRunner.java:63)
	at org.junit.runners.ParentRunner.runChildren(ParentRunner.java:236)
	at org.junit.runners.ParentRunner.access$000(ParentRunner.java:53)
	at org.junit.runners.ParentRunner$2.evaluate(ParentRunner.java:229)
	at org.junit.runners.ParentRunner.run(ParentRunner.java:309)
	at org.junit.runners.Suite.runChild(Suite.java:127)
	at org.junit.runners.Suite.runChild(Suite.java:26)
	at org.junit.runners.ParentRunner$3.run(ParentRunner.java:238)
	at org.junit.runners.ParentRunner$1.schedule(ParentRunner.java:63)
	at org.junit.runners.ParentRunner.runChildren(ParentRunner.java:236)
	at org.junit.runners.ParentRunner.access$000(ParentRunner.java:53)
	at org.junit.runners.ParentRunner$2.evaluate(ParentRunner.java:229)
	at org.junit.runners.ParentRunner.run(ParentRunner.java:309)
	at org.junit.runner.JUnitCore.run(JUnitCore.java:160)
	at org.junit.runner.JUnitCore.run(JUnitCore.java:138)
	at org.junit.runner.JUnitCore.run(JUnitCore.java:117)
	at org.junit.runner.JUnitCore.runMain(JUnitCore.java:96)
	at org.junit.runner.JUnitCore.runMainAndExit(JUnitCore.java:47)
	at org.junit.runner.JUnitCore.main(JUnitCore.java:40)
6) findMinViaRecursion(yche_test.IntArrayUtilTest)
java.lang.AssertionError: expected:<-5> but was:<-1>
	at org.junit.Assert.fail(Assert.java:88)
	at org.junit.Assert.failNotEquals(Assert.java:743)
	at org.junit.Assert.assertEquals(Assert.java:118)
	at org.junit.Assert.assertEquals(Assert.java:555)
	at org.junit.Assert.assertEquals(Assert.java:542)
	at yche_test.IntArrayUtilTest.findMinViaRecursion(IntArrayUtilTest.java:36)
	at sun.reflect.NativeMethodAccessorImpl.invoke0(Native Method)
	at sun.reflect.NativeMethodAccessorImpl.invoke(NativeMethodAccessorImpl.java:57)
	at sun.reflect.DelegatingMethodAccessorImpl.invoke(DelegatingMethodAccessorImpl.java:43)
	at java.lang.reflect.Method.invoke(Method.java:606)
	at org.junit.runners.model.FrameworkMethod$1.runReflectiveCall(FrameworkMethod.java:47)
	at org.junit.internal.runners.model.ReflectiveCallable.run(ReflectiveCallable.java:12)
	at org.junit.runners.model.FrameworkMethod.invokeExplosively(FrameworkMethod.java:44)
	at org.junit.internal.runners.statements.InvokeMethod.evaluate(InvokeMethod.java:17)
	at org.junit.internal.runners.statements.RunBefores.evaluate(RunBefores.java:26)
	at org.junit.internal.runners.statements.RunAfters.evaluate(RunAfters.java:27)
	at org.junit.runners.ParentRunner.runLeaf(ParentRunner.java:271)
	at org.junit.runners.BlockJUnit4ClassRunner.runChild(BlockJUnit4ClassRunner.java:70)
	at org.junit.runners.BlockJUnit4ClassRunner.runChild(BlockJUnit4ClassRunner.java:50)
	at org.junit.runners.ParentRunner$3.run(ParentRunner.java:238)
	at org.junit.runners.ParentRunner$1.schedule(ParentRunner.java:63)
	at org.junit.runners.ParentRunner.runChildren(ParentRunner.java:236)
	at org.junit.runners.ParentRunner.access$000(ParentRunner.java:53)
	at org.junit.runners.ParentRunner$2.evaluate(ParentRunner.java:229)
	at org.junit.runners.ParentRunner.run(ParentRunner.java:309)
	at org.junit.runners.Suite.runChild(Suite.java:127)
	at org.junit.runners.Suite.runChild(Suite.java:26)
	at org.junit.runners.ParentRunner$3.run(ParentRunner.java:238)
	at org.junit.runners.ParentRunner$1.schedule(ParentRunner.java:63)
	at org.junit.runners.ParentRunner.runChildren(ParentRunner.java:236)
	at org.junit.runners.ParentRunner.access$000(ParentRunner.java:53)
	at org.junit.runners.ParentRunner$2.evaluate(ParentRunner.java:229)
	at org.junit.runners.ParentRunner.run(ParentRunner.java:309)
	at org.junit.runner.JUnitCore.run(JUnitCore.java:160)
	at org.junit.runner.JUnitCore.run(JUnitCore.java:138)
	at org.junit.runner.JUnitCore.run(JUnitCore.java:117)
	at org.junit.runner.JUnitCore.runMain(JUnitCore.java:96)
	at org.junit.runner.JUnitCore.runMainAndExit(JUnitCore.java:47)
	at org.junit.runner.JUnitCore.main(JUnitCore.java:40)

FAILURES!!!
Tests run: 7,  Failures: 6

